[2018-07-21 15:01:59.550] [info] [console_user_server] version 12.1.0
[2018-07-21 15:01:59.579] [info] [console_user_server] Check version...
[2018-07-21 15:01:59.599] [info] [console_user_server] Load karabiner.json...
[2018-07-21 15:01:59.600] [info] [console_user_server] core_configuration is updated.
[2018-07-21 15:01:59.600] [info] [console_user_server] Check for updates...
[2018-07-21 15:02:00.618] [info] [console_user_server] input_source_manager initialize
[2018-07-21 15:02:00.683] [info] [console_user_server] receiver is initialized
[2018-07-21 15:02:00.683] [info] [console_user_server] Check version...
[2018-07-21 15:02:00.683] [info] [console_user_server] grabber_client_ is connected
[2018-07-21 15:02:00.693] [info] [console_user_server] Load karabiner.json...
[2018-07-21 15:02:00.693] [info] [console_user_server] core_configuration is updated.
[2018-07-21 15:02:00.801] [info] [console_user_server] frontmost_application_observer initialize
[2018-07-21 15:02:00.802] [info] [console_user_server] input_source_observer initialize
[2018-07-21 15:02:03.858] [info] [console_user_server] system_preferences is updated.
[2018-07-21 15:03:59.222] [info] [console_user_server] Load karabiner.json...
[2018-07-21 15:03:59.223] [info] [console_user_server] core_configuration is updated.
[2018-07-21 15:04:29.123] [info] [console_user_server] Load karabiner.json...
[2018-07-21 15:04:29.124] [info] [console_user_server] core_configuration is updated.
[2018-07-21 15:05:16.074] [info] [console_user_server] Load karabiner.json...
[2018-07-21 15:05:16.075] [info] [console_user_server] core_configuration is updated.
[2018-07-21 15:05:16.787] [info] [console_user_server] Load karabiner.json...
[2018-07-21 15:05:16.788] [info] [console_user_server] core_configuration is updated.
[2018-07-21 15:05:18.247] [info] [console_user_server] Load karabiner.json...
[2018-07-21 15:05:18.248] [info] [console_user_server] core_configuration is updated.
[2018-07-21 15:05:19.187] [info] [console_user_server] Load karabiner.json...
[2018-07-21 15:05:19.188] [info] [console_user_server] core_configuration is updated.
[2018-07-21 15:05:20.671] [info] [console_user_server] Load karabiner.json...
[2018-07-21 15:05:20.672] [info] [console_user_server] core_configuration is updated.
[2018-07-21 15:05:31.003] [info] [console_user_server] Load karabiner.json...
[2018-07-21 15:05:31.004] [info] [console_user_server] core_configuration is updated.
[2018-07-21 15:05:35.009] [info] [console_user_server] Load karabiner.json...
[2018-07-21 15:05:35.010] [info] [console_user_server] core_configuration is updated.
[2018-07-21 15:05:42.062] [info] [console_user_server] Load karabiner.json...
[2018-07-21 15:05:42.063] [info] [console_user_server] core_configuration is updated.
[2018-07-21 15:05:43.742] [info] [console_user_server] Load karabiner.json...
[2018-07-21 15:05:43.743] [info] [console_user_server] core_configuration is updated.
[2018-07-21 15:05:48.347] [info] [console_user_server] Load karabiner.json...
[2018-07-21 15:05:48.348] [info] [console_user_server] core_configuration is updated.
[2018-07-21 15:05:49.548] [info] [console_user_server] Load karabiner.json...
[2018-07-21 15:05:49.549] [info] [console_user_server] core_configuration is updated.
[2018-07-21 15:05:56.027] [info] [console_user_server] Load karabiner.json...
[2018-07-21 15:05:56.029] [info] [console_user_server] core_configuration is updated.
[2018-07-21 15:05:57.583] [info] [console_user_server] Load karabiner.json...
[2018-07-21 15:05:57.583] [info] [console_user_server] core_configuration is updated.
[2018-07-21 15:06:02.358] [info] [console_user_server] Load karabiner.json...
[2018-07-21 15:06:02.359] [info] [console_user_server] core_configuration is updated.
[2018-07-21 15:06:05.329] [info] [console_user_server] Load karabiner.json...
[2018-07-21 15:06:05.330] [info] [console_user_server] core_configuration is updated.
[2018-07-21 15:06:05.821] [info] [console_user_server] Load karabiner.json...
[2018-07-21 15:06:05.821] [info] [console_user_server] core_configuration is updated.
[2018-07-21 15:06:05.923] [info] [console_user_server] Load karabiner.json...
[2018-07-21 15:06:05.924] [info] [console_user_server] core_configuration is updated.
[2018-07-21 15:06:14.820] [info] [console_user_server] Load karabiner.json...
[2018-07-21 15:06:14.821] [info] [console_user_server] core_configuration is updated.
[2018-07-21 15:06:18.233] [info] [console_user_server] Load karabiner.json...
[2018-07-21 15:06:18.234] [info] [console_user_server] core_configuration is updated.
[2018-07-21 15:07:43.834] [info] [console_user_server] version 12.1.0
[2018-07-21 15:07:43.835] [info] [console_user_server] Check version...
[2018-07-21 15:07:43.852] [info] [console_user_server] Load karabiner.json...
[2018-07-21 15:07:43.853] [info] [console_user_server] core_configuration is updated.
[2018-07-21 15:07:43.853] [info] [console_user_server] Check for updates...
[2018-07-21 15:07:44.852] [info] [console_user_server] input_source_manager initialize
[2018-07-21 15:07:44.927] [info] [console_user_server] receiver is initialized
[2018-07-21 15:07:44.927] [info] [console_user_server] Check version...
[2018-07-21 15:07:44.928] [info] [console_user_server] grabber_client_ is connected
[2018-07-21 15:07:44.937] [info] [console_user_server] Load karabiner.json...
[2018-07-21 15:07:44.937] [info] [console_user_server] core_configuration is updated.
[2018-07-21 15:07:45.009] [info] [console_user_server] frontmost_application_observer initialize
[2018-07-21 15:07:45.010] [info] [console_user_server] input_source_observer initialize
[2018-07-21 15:07:48.076] [info] [console_user_server] system_preferences is updated.
[2018-07-21 15:10:47.562] [info] [console_user_server] Load karabiner.json...
[2018-07-21 15:10:47.563] [info] [console_user_server] core_configuration is updated.
[2018-07-21 15:11:21.927] [info] [console_user_server] Load karabiner.json...
[2018-07-21 15:11:21.928] [info] [console_user_server] core_configuration is updated.
[2018-07-21 15:11:25.581] [info] [console_user_server] Load karabiner.json...
[2018-07-21 15:11:25.582] [info] [console_user_server] core_configuration is updated.
[2018-07-21 15:11:26.137] [info] [console_user_server] Load karabiner.json...
[2018-07-21 15:11:26.138] [info] [console_user_server] core_configuration is updated.
[2018-07-21 15:11:27.357] [info] [console_user_server] Load karabiner.json...
[2018-07-21 15:11:27.359] [info] [console_user_server] core_configuration is updated.
[2018-07-21 15:11:29.453] [info] [console_user_server] Load karabiner.json...
[2018-07-21 15:11:29.455] [info] [console_user_server] core_configuration is updated.
[2018-07-21 15:11:33.280] [info] [console_user_server] Load karabiner.json...
[2018-07-21 15:11:33.281] [info] [console_user_server] core_configuration is updated.
[2018-07-21 15:12:03.281] [info] [console_user_server] Load karabiner.json...
[2018-07-21 15:12:03.282] [info] [console_user_server] core_configuration is updated.
[2018-07-21 15:12:04.577] [info] [console_user_server] Load karabiner.json...
[2018-07-21 15:12:04.578] [info] [console_user_server] core_configuration is updated.
[2018-07-21 15:12:09.857] [info] [console_user_server] Load karabiner.json...
[2018-07-21 15:12:09.858] [info] [console_user_server] core_configuration is updated.
[2018-07-21 15:13:04.210] [info] [console_user_server] Load karabiner.json...
[2018-07-21 15:13:04.211] [info] [console_user_server] core_configuration is updated.
[2018-07-21 15:13:31.251] [info] [console_user_server] Load karabiner.json...
[2018-07-21 15:13:31.252] [info] [console_user_server] core_configuration is updated.
[2018-07-21 15:15:24.443] [info] [console_user_server] Load karabiner.json...
[2018-07-21 15:15:24.444] [info] [console_user_server] core_configuration is updated.
[2018-07-21 15:15:26.736] [info] [console_user_server] Load karabiner.json...
[2018-07-21 15:15:26.738] [info] [console_user_server] core_configuration is updated.
[2018-07-21 15:16:43.927] [info] [console_user_server] Load karabiner.json...
[2018-07-21 15:16:43.928] [info] [console_user_server] core_configuration is updated.
[2018-07-21 15:36:43.468] [info] [console_user_server] version 12.1.0
[2018-07-21 15:36:43.469] [info] [console_user_server] Check version...
[2018-07-21 15:36:43.597] [info] [console_user_server] Load karabiner.json...
[2018-07-21 15:36:43.622] [info] [console_user_server] core_configuration is updated.
[2018-07-21 15:36:43.624] [info] [console_user_server] Check for updates...
[2018-07-21 15:36:44.646] [info] [console_user_server] input_source_manager initialize
[2018-07-21 15:36:44.733] [info] [console_user_server] receiver is initialized
[2018-07-21 15:36:44.733] [info] [console_user_server] Check version...
[2018-07-21 15:36:44.733] [info] [console_user_server] grabber_client_ is connected
[2018-07-21 15:36:44.746] [info] [console_user_server] Load karabiner.json...
[2018-07-21 15:36:44.747] [info] [console_user_server] core_configuration is updated.
[2018-07-21 15:36:45.159] [info] [console_user_server] frontmost_application_observer initialize
[2018-07-21 15:36:45.161] [info] [console_user_server] input_source_observer initialize
[2018-07-21 15:36:48.230] [info] [console_user_server] system_preferences is updated.
[2018-07-21 15:52:13.427] [info] [console_user_server] version 12.1.0
[2018-07-21 15:52:13.428] [info] [console_user_server] Check version...
[2018-07-21 15:52:13.446] [info] [console_user_server] Load karabiner.json...
[2018-07-21 15:52:13.447] [info] [console_user_server] core_configuration is updated.
[2018-07-21 15:52:13.447] [info] [console_user_server] Check for updates...
[2018-07-21 15:52:14.502] [info] [console_user_server] input_source_manager initialize
[2018-07-21 15:52:14.566] [info] [console_user_server] receiver is initialized
[2018-07-21 15:52:14.566] [info] [console_user_server] Check version...
[2018-07-21 15:52:14.566] [info] [console_user_server] grabber_client_ is connected
[2018-07-21 15:52:14.576] [info] [console_user_server] Load karabiner.json...
[2018-07-21 15:52:14.576] [info] [console_user_server] core_configuration is updated.
[2018-07-21 15:52:14.654] [info] [console_user_server] frontmost_application_observer initialize
[2018-07-21 15:52:14.654] [info] [console_user_server] input_source_observer initialize
[2018-07-21 15:52:17.729] [info] [console_user_server] system_preferences is updated.
[2018-07-21 15:52:28.078] [info] [console_user_server] Load karabiner.json...
[2018-07-21 15:52:28.079] [info] [console_user_server] core_configuration is updated.
[2018-07-21 15:52:31.964] [info] [console_user_server] Load karabiner.json...
[2018-07-21 15:52:31.965] [info] [console_user_server] core_configuration is updated.
[2018-07-21 15:52:35.176] [info] [console_user_server] Load karabiner.json...
[2018-07-21 15:52:35.177] [info] [console_user_server] core_configuration is updated.
[2018-07-21 15:52:45.651] [info] [console_user_server] Load karabiner.json...
[2018-07-21 15:52:45.652] [info] [console_user_server] core_configuration is updated.
[2018-07-21 15:53:03.836] [info] [console_user_server] Load karabiner.json...
[2018-07-21 15:53:03.838] [info] [console_user_server] core_configuration is updated.
[2018-07-21 15:53:06.995] [info] [console_user_server] Load karabiner.json...
[2018-07-21 15:53:06.996] [info] [console_user_server] core_configuration is updated.
[2018-07-21 15:53:28.072] [info] [console_user_server] Load karabiner.json...
[2018-07-21 15:53:28.073] [info] [console_user_server] core_configuration is updated.
[2018-07-21 15:53:39.896] [info] [console_user_server] Load karabiner.json...
[2018-07-21 15:53:39.897] [info] [console_user_server] core_configuration is updated.
[2018-07-21 15:53:40.949] [info] [console_user_server] Load karabiner.json...
[2018-07-21 15:53:40.950] [info] [console_user_server] core_configuration is updated.
[2018-07-21 15:53:41.870] [info] [console_user_server] Load karabiner.json...
[2018-07-21 15:53:41.871] [info] [console_user_server] core_configuration is updated.
[2018-07-21 15:54:21.046] [info] [console_user_server] Load karabiner.json...
[2018-07-21 15:54:21.048] [info] [console_user_server] core_configuration is updated.
[2018-07-21 15:55:28.441] [info] [console_user_server] Load karabiner.json...
[2018-07-21 15:55:28.443] [info] [console_user_server] core_configuration is updated.
[2018-07-21 15:55:34.161] [info] [console_user_server] Load karabiner.json...
[2018-07-21 15:55:34.162] [info] [console_user_server] core_configuration is updated.
[2018-07-21 15:55:46.680] [info] [console_user_server] Load karabiner.json...
[2018-07-21 15:55:46.681] [info] [console_user_server] core_configuration is updated.
[2018-07-21 15:55:49.597] [info] [console_user_server] Load karabiner.json...
[2018-07-21 15:55:49.598] [info] [console_user_server] core_configuration is updated.
[2018-07-21 15:57:04.978] [info] [console_user_server] version 12.1.0
[2018-07-21 15:57:04.978] [info] [console_user_server] Check version...
[2018-07-21 15:57:04.995] [info] [console_user_server] Load karabiner.json...
[2018-07-21 15:57:04.996] [info] [console_user_server] core_configuration is updated.
[2018-07-21 15:57:04.996] [info] [console_user_server] Check for updates...
[2018-07-21 15:57:06.069] [info] [console_user_server] input_source_manager initialize
[2018-07-21 15:57:06.138] [info] [console_user_server] receiver is initialized
[2018-07-21 15:57:06.138] [info] [console_user_server] Check version...
[2018-07-21 15:57:06.138] [info] [console_user_server] grabber_client_ is connected
[2018-07-21 15:57:06.147] [info] [console_user_server] Load karabiner.json...
[2018-07-21 15:57:06.148] [info] [console_user_server] core_configuration is updated.
[2018-07-21 15:57:06.224] [info] [console_user_server] frontmost_application_observer initialize
[2018-07-21 15:57:06.224] [info] [console_user_server] input_source_observer initialize
[2018-07-21 15:57:09.225] [info] [console_user_server] system_preferences is updated.
[2018-07-21 17:38:20.565] [info] [console_user_server] Load karabiner.json...
[2018-07-21 17:38:20.565] [info] [console_user_server] core_configuration is updated.
[2018-07-21 17:38:50.812] [info] [console_user_server] Load karabiner.json...
[2018-07-21 17:38:50.812] [info] [console_user_server] core_configuration is updated.
[2018-07-21 18:40:04.757] [info] [console_user_server] Load karabiner.json...
[2018-07-21 18:40:04.758] [info] [console_user_server] core_configuration is updated.
[2018-07-21 18:44:57.077] [info] [console_user_server] Load karabiner.json...
[2018-07-21 18:44:57.078] [info] [console_user_server] core_configuration is updated.
[2018-07-21 18:46:52.883] [info] [console_user_server] Load karabiner.json...
[2018-07-21 18:46:52.884] [info] [console_user_server] core_configuration is updated.
[2018-07-21 18:47:09.933] [info] [console_user_server] Load karabiner.json...
[2018-07-21 18:47:09.934] [info] [console_user_server] core_configuration is updated.
[2018-07-21 18:47:12.221] [info] [console_user_server] Load karabiner.json...
[2018-07-21 18:47:12.222] [info] [console_user_server] core_configuration is updated.
[2018-07-21 18:47:17.727] [info] [console_user_server] Load karabiner.json...
[2018-07-21 18:47:17.728] [info] [console_user_server] core_configuration is updated.
[2018-07-21 18:47:54.215] [info] [console_user_server] Load karabiner.json...
[2018-07-21 18:47:54.216] [info] [console_user_server] core_configuration is updated.
[2018-07-25 14:14:05.576] [info] [console_user_server] Load karabiner.json...
[2018-07-25 14:14:05.577] [info] [console_user_server] core_configuration is updated.
[2018-07-25 14:14:13.957] [info] [console_user_server] Load karabiner.json...
[2018-07-25 14:14:13.958] [info] [console_user_server] core_configuration is updated.
[2018-08-10 08:31:09.214] [info] [console_user_server] version 12.1.0
[2018-08-10 08:31:09.536] [info] [console_user_server] Check version...
[2018-08-10 08:31:09.805] [info] [console_user_server] Load karabiner.json...
[2018-08-10 08:31:10.016] [info] [console_user_server] core_configuration is updated.
[2018-08-10 08:31:10.017] [info] [console_user_server] Check for updates...
[2018-08-10 08:31:10.880] [info] [console_user_server] input_source_manager initialize
[2018-08-10 08:31:11.070] [info] [console_user_server] receiver is initialized
[2018-08-10 08:31:11.070] [info] [console_user_server] Check version...
[2018-08-10 08:31:11.071] [info] [console_user_server] grabber_client_ is connected
[2018-08-10 08:31:11.089] [info] [console_user_server] Load karabiner.json...
[2018-08-10 08:31:11.091] [info] [console_user_server] core_configuration is updated.
[2018-08-10 08:31:11.302] [info] [console_user_server] frontmost_application_observer initialize
[2018-08-10 08:31:11.304] [info] [console_user_server] input_source_observer initialize
[2018-08-10 08:31:14.374] [info] [console_user_server] system_preferences is updated.
[2018-08-10 09:10:41.100] [info] [console_user_server] Load karabiner.json...
[2018-08-10 09:10:41.106] [info] [console_user_server] core_configuration is updated.
[2018-08-10 09:11:22.568] [info] [console_user_server] Load karabiner.json...
[2018-08-10 09:11:22.569] [info] [console_user_server] core_configuration is updated.
[2018-08-10 09:12:25.962] [info] [console_user_server] Load karabiner.json...
[2018-08-10 09:12:25.962] [info] [console_user_server] core_configuration is updated.
[2018-08-10 09:12:35.441] [info] [console_user_server] Load karabiner.json...
[2018-08-10 09:12:35.441] [info] [console_user_server] core_configuration is updated.
[2018-08-15 20:27:44.718] [info] [console_user_server] version 12.1.0
[2018-08-15 20:27:44.730] [info] [console_user_server] Check version...
[2018-08-15 20:27:44.750] [info] [console_user_server] Load karabiner.json...
[2018-08-15 20:27:44.751] [info] [console_user_server] core_configuration is updated.
[2018-08-15 20:27:44.752] [info] [console_user_server] Check for updates...
[2018-08-15 20:27:45.797] [info] [console_user_server] input_source_manager initialize
[2018-08-15 20:27:45.875] [info] [console_user_server] receiver is initialized
[2018-08-15 20:27:45.875] [info] [console_user_server] Check version...
[2018-08-15 20:27:45.875] [info] [console_user_server] grabber_client_ is connected
[2018-08-15 20:27:45.908] [info] [console_user_server] Load karabiner.json...
[2018-08-15 20:27:45.910] [info] [console_user_server] core_configuration is updated.
[2018-08-15 20:27:46.006] [info] [console_user_server] frontmost_application_observer initialize
[2018-08-15 20:27:46.007] [info] [console_user_server] input_source_observer initialize
[2018-08-15 20:27:49.041] [info] [console_user_server] system_preferences is updated.
[2018-10-22 03:19:08.969] [info] [console_user_server] version 12.1.0
[2018-10-22 03:19:08.993] [info] [console_user_server] Check version...
[2018-10-22 03:19:09.221] [info] [console_user_server] Load karabiner.json...
[2018-10-22 03:19:09.224] [info] [console_user_server] core_configuration is updated.
[2018-10-22 03:19:09.225] [info] [console_user_server] Check for updates...
[2018-10-22 03:19:10.240] [info] [console_user_server] input_source_manager initialize
[2018-10-22 03:19:10.352] [info] [console_user_server] receiver is initialized
[2018-10-22 03:19:10.352] [info] [console_user_server] Check version...
[2018-10-22 03:19:10.353] [info] [console_user_server] grabber_client_ is connected
[2018-10-22 03:19:10.448] [info] [console_user_server] Load karabiner.json...
[2018-10-22 03:19:10.449] [info] [console_user_server] core_configuration is updated.
[2018-10-22 03:19:10.606] [info] [console_user_server] frontmost_application_observer initialize
[2018-10-22 03:19:10.608] [info] [console_user_server] input_source_observer initialize
[2018-10-22 03:19:13.680] [info] [console_user_server] system_preferences is updated.
[2019-01-08 15:38:14.181] [info] [console_user_server] version 12.1.0
[2019-01-08 15:38:14.183] [info] [console_user_server] Check version...
[2019-01-08 15:38:14.342] [info] [console_user_server] Load karabiner.json...
[2019-01-08 15:38:14.345] [info] [console_user_server] core_configuration is updated.
[2019-01-08 15:38:14.345] [info] [console_user_server] Check for updates...
[2019-01-08 15:38:15.416] [info] [console_user_server] input_source_manager initialize
[2019-01-08 15:38:15.504] [info] [console_user_server] receiver is initialized
[2019-01-08 15:38:15.504] [info] [console_user_server] Check version...
[2019-01-08 15:38:15.505] [info] [console_user_server] grabber_client_ is connected
[2019-01-08 15:38:15.530] [info] [console_user_server] Load karabiner.json...
[2019-01-08 15:38:15.532] [info] [console_user_server] core_configuration is updated.
[2019-01-08 15:38:15.804] [info] [console_user_server] frontmost_application_observer initialize
[2019-01-08 15:38:15.808] [info] [console_user_server] input_source_observer initialize
[2019-01-08 15:38:18.881] [info] [console_user_server] system_preferences is updated.
[2019-01-14 17:19:08.539] [info] [console_user_server] Load karabiner.json...
[2019-01-14 17:19:08.557] [info] [console_user_server] core_configuration is updated.
[2019-01-14 17:19:22.787] [info] [console_user_server] Load karabiner.json...
[2019-01-14 17:19:22.795] [info] [console_user_server] core_configuration is updated.
[2019-06-28 14:03:34.126] [info] [console_user_server] version 12.1.0
[2019-06-28 14:03:34.127] [info] [console_user_server] Check version...
[2019-06-28 14:03:34.198] [info] [console_user_server] Load karabiner.json...
[2019-06-28 14:03:34.237] [info] [console_user_server] core_configuration is updated.
[2019-06-28 14:03:34.240] [info] [console_user_server] Check for updates...
[2019-06-28 14:03:35.273] [info] [console_user_server] input_source_manager initialize
[2019-06-28 14:03:35.497] [info] [console_user_server] receiver is initialized
[2019-06-28 14:03:35.498] [info] [console_user_server] Check version...
[2019-06-28 14:03:35.500] [info] [console_user_server] grabber_client_ is connected
[2019-06-28 14:03:35.589] [info] [console_user_server] Load karabiner.json...
[2019-06-28 14:03:35.590] [info] [console_user_server] core_configuration is updated.
[2019-06-28 14:03:35.777] [info] [console_user_server] frontmost_application_observer initialize
[2019-06-28 14:03:35.778] [info] [console_user_server] input_source_observer initialize
[2019-06-28 14:03:38.846] [info] [console_user_server] system_preferences is updated.
[2019-09-04 16:29:52.054] [info] [console_user_server] version 12.1.0
[2019-09-04 16:29:52.056] [info] [console_user_server] Check version...
[2019-09-04 16:29:52.101] [info] [console_user_server] Load karabiner.json...
[2019-09-04 16:29:52.103] [info] [console_user_server] core_configuration is updated.
[2019-09-04 16:29:52.104] [info] [console_user_server] Check for updates...
[2019-09-04 16:29:53.200] [info] [console_user_server] input_source_manager initialize
[2019-09-04 16:29:53.502] [info] [console_user_server] receiver is initialized
[2019-09-04 16:29:53.503] [info] [console_user_server] Check version...
[2019-09-04 16:29:53.507] [info] [console_user_server] grabber_client_ is connected
[2019-09-04 16:29:53.577] [info] [console_user_server] Load karabiner.json...
[2019-09-04 16:29:53.606] [info] [console_user_server] core_configuration is updated.
[2019-09-04 16:29:53.760] [info] [console_user_server] frontmost_application_observer initialize
[2019-09-04 16:29:53.765] [info] [console_user_server] input_source_observer initialize
[2019-09-04 16:29:56.851] [info] [console_user_server] system_preferences is updated.
[2019-09-09 14:15:35.011] [info] [console_user_server] version 12.1.0
[2019-09-09 14:15:35.014] [info] [console_user_server] Check version...
[2019-09-09 14:15:35.245] [info] [console_user_server] Load karabiner.json...
[2019-09-09 14:15:35.249] [info] [console_user_server] core_configuration is updated.
[2019-09-09 14:15:35.250] [info] [console_user_server] Check for updates...
[2019-09-09 14:15:36.352] [info] [console_user_server] input_source_manager initialize
[2019-09-09 14:15:36.658] [info] [console_user_server] receiver is initialized
[2019-09-09 14:15:36.658] [info] [console_user_server] Check version...
[2019-09-09 14:15:36.659] [info] [console_user_server] grabber_client_ is connected
[2019-09-09 14:15:36.672] [info] [console_user_server] Load karabiner.json...
[2019-09-09 14:15:36.673] [info] [console_user_server] core_configuration is updated.
[2019-09-09 14:15:36.815] [info] [console_user_server] frontmost_application_observer initialize
[2019-09-09 14:15:36.816] [info] [console_user_server] input_source_observer initialize
[2019-09-09 14:15:39.866] [info] [console_user_server] system_preferences is updated.
